<?xml version="1.0" encoding="UTF-8"?>
<testng-results skipped="0" failed="0" total="1" passed="1">
  <reporter-output>
  </reporter-output>
  <suite name="Default suite" duration-ms="86218" started-at="2015-12-21T17:37:48Z" finished-at="2015-12-21T17:39:14Z">
    <groups>
    </groups>
    <test name="Default test" duration-ms="86218" started-at="2015-12-21T17:37:48Z" finished-at="2015-12-21T17:39:14Z">
      <class name="test.babylon.BaseClass">
        <test-method status="PASS" signature="setup()[pri:0, instance:test.babylon.BaseClass@4cdbe50f]" name="setup" is-config="true" duration-ms="26864" started-at="2015-12-21T17:37:48Z" finished-at="2015-12-21T17:38:15Z">
          <reporter-output>
          </reporter-output>
        </test-method> <!-- setup -->
        <test-method status="PASS" signature="test()[pri:0, instance:test.babylon.BaseClass@4cdbe50f]" name="test" duration-ms="58180" started-at="2015-12-21T17:38:15Z" finished-at="2015-12-21T17:39:13Z">
          <reporter-output>
          </reporter-output>
        </test-method> <!-- test -->
        <test-method status="PASS" signature="tearDown()[pri:0, instance:test.babylon.BaseClass@4cdbe50f]" name="tearDown" is-config="true" duration-ms="1137" started-at="2015-12-21T17:39:13Z" finished-at="2015-12-21T17:39:14Z">
          <reporter-output>
          </reporter-output>
        </test-method> <!-- tearDown -->
      </class> <!-- test.babylon.BaseClass -->
    </test> <!-- Default test -->
  </suite> <!-- Default suite -->
</testng-results>
